{
  "RSpec": {
    "coverage": {
      "/Users/michaelknapp/code1/together-api/config/environment.rb": [
        null,
        1,
        null,
        null,
        1
      ],
      "/Users/michaelknapp/code1/together-api/config/application.rb": [
        1,
        null,
        1,
        null,
        1,
        1,
        1,
        1,
        1,
        1,
        1,
        1,
        null,
        null,
        null,
        null,
        null,
        1,
        null,
        1,
        1,
        null,
        1,
        null,
        null,
        null,
        null,
        null,
        null,
        null,
        null,
        null,
        1,
        null,
        null
      ],
      "/Users/michaelknapp/code1/together-api/config/boot.rb": [
        1,
        null,
        1,
        1
      ],
      "/Users/michaelknapp/code1/together-api/config/environments/test.rb": [
        1,
        null,
        null,
        null,
        null,
        null,
        null,
        1,
        null,
        null,
        null,
        null,
        1,
        null,
        null,
        1,
        1,
        null,
        null,
        null,
        null,
        1,
        1,
        null,
        null,
        1,
        null,
        null,
        1,
        null,
        null,
        1,
        null,
        1,
        null,
        null,
        null,
        null,
        1,
        null,
        null,
        1,
        null,
        null,
        null,
        null
      ],
      "/Users/michaelknapp/code1/together-api/config/initializers/application_controller_renderer.rb": [
        null,
        null,
        null,
        null,
        null,
        null,
        null,
        null
      ],
      "/Users/michaelknapp/code1/together-api/config/initializers/backtrace_silencers.rb": [
        null,
        null,
        null,
        null,
        null,
        null,
        null
      ],
      "/Users/michaelknapp/code1/together-api/config/initializers/cors.rb": [
        null,
        null,
        null,
        null,
        null,
        null,
        null,
        null,
        null,
        null,
        null,
        null,
        null,
        null,
        null,
        null
      ],
      "/Users/michaelknapp/code1/together-api/config/initializers/filter_parameter_logging.rb": [
        null,
        null,
        null,
        1
      ],
      "/Users/michaelknapp/code1/together-api/config/initializers/inflections.rb": [
        null,
        null,
        null,
        null,
        null,
        null,
        null,
        null,
        null,
        null,
        null,
        null,
        null,
        null,
        null,
        null
      ],
      "/Users/michaelknapp/code1/together-api/config/initializers/mime_types.rb": [
        null,
        null,
        null,
        null
      ],
      "/Users/michaelknapp/code1/together-api/config/initializers/wrap_parameters.rb": [
        null,
        null,
        null,
        null,
        null,
        null,
        1,
        2,
        null,
        null,
        null,
        null,
        null,
        null
      ],
      "/Users/michaelknapp/code1/together-api/spec/factories/accounts.rb": [
        1,
        1,
        1,
        30,
        1,
        null,
        null
      ],
      "/Users/michaelknapp/code1/together-api/spec/factories/comments.rb": [
        1,
        1,
        1,
        1,
        null,
        null
      ],
      "/Users/michaelknapp/code1/together-api/spec/factories/rounds.rb": [
        null,
        null,
        null,
        null
      ],
      "/Users/michaelknapp/code1/together-api/spec/factories/users.rb": [
        1,
        1,
        45,
        1,
        1,
        null,
        null
      ],
      "/Users/michaelknapp/code1/together-api/config/routes.rb": [
        1,
        null,
        1,
        1,
        null,
        null,
        1,
        1,
        1,
        null,
        null,
        null,
        1,
        1,
        null
      ],
      "/Users/michaelknapp/code1/together-api/app/lib/api_version.rb": [
        1,
        1,
        null,
        1,
        2,
        2,
        null,
        null,
        1,
        0,
        null,
        null,
        1,
        null,
        1,
        0,
        0,
        null,
        null
      ],
      "/Users/michaelknapp/code1/together-api/spec/support/controller_spec_helper.rb": [
        1,
        null,
        1,
        10,
        null,
        null,
        null,
        1,
        1,
        null,
        null,
        null,
        1,
        null,
        null,
        null,
        7,
        null,
        null,
        null,
        1,
        null,
        null,
        null,
        0,
        null,
        null
      ],
      "/Users/michaelknapp/code1/together-api/spec/support/request_spec_helper.rb": [
        1,
        null,
        1,
        5,
        null,
        null
      ],
      "/Users/michaelknapp/code1/together-api/app/auth/authenticate_user.rb": [
        1,
        1,
        7,
        7,
        null,
        null,
        null,
        1,
        7,
        null,
        null,
        1,
        null,
        1,
        null,
        null,
        1,
        12,
        12,
        null,
        2,
        null,
        null
      ],
      "/Users/michaelknapp/code1/together-api/spec/auth/authorize_api_request_spec.rb": [
        1,
        null,
        1,
        3,
        null,
        2,
        null,
        2,
        null,
        2,
        null,
        null,
        null,
        1,
        null,
        1,
        1,
        1,
        1,
        null,
        null,
        null,
        null,
        1,
        1,
        1,
        2,
        null,
        null,
        null,
        null,
        1,
        1,
        null,
        1,
        null,
        null,
        1,
        2,
        null,
        null,
        null,
        null,
        1,
        2,
        2,
        null,
        1,
        2,
        null,
        null,
        null,
        null,
        null,
        null,
        null,
        1,
        2,
        2,
        null,
        1,
        2,
        null,
        null,
        null,
        null,
        null,
        null,
        null,
        null,
        null
      ],
      "/Users/michaelknapp/code1/together-api/app/auth/authorize_api_request.rb": [
        1,
        1,
        7,
        null,
        null,
        null,
        1,
        null,
        null,
        7,
        null,
        null,
        1,
        null,
        1,
        null,
        1,
        null,
        null,
        7,
        null,
        null,
        null,
        1,
        null,
        1,
        null,
        null,
        null,
        null,
        1,
        10,
        null,
        null,
        null,
        1,
        7,
        5,
        null,
        2,
        null,
        null
      ],
      "/Users/michaelknapp/code1/together-api/spec/controllers/accounts_controller_spec.rb": [
        1,
        null,
        1,
        null,
        null
      ],
      "/Users/michaelknapp/code1/together-api/app/controllers/v1/accounts_controller.rb": [
        1,
        1,
        1,
        null,
        null,
        1,
        0,
        0,
        null,
        null,
        null,
        1,
        0,
        0,
        null,
        null,
        1,
        0,
        null,
        null,
        null,
        1,
        0,
        0,
        null,
        null,
        null,
        1,
        0,
        0,
        null,
        null,
        1,
        null,
        1,
        0,
        null,
        null,
        1,
        0,
        null,
        null,
        null
      ],
      "/Users/michaelknapp/code1/together-api/app/controllers/application_controller.rb": [
        1,
        1,
        1,
        null,
        1,
        1,
        null,
        1,
        null,
        1,
        2,
        null,
        null
      ],
      "/Users/michaelknapp/code1/together-api/app/controllers/concerns/response.rb": [
        1,
        1,
        7,
        null,
        null
      ],
      "/Users/michaelknapp/code1/together-api/app/controllers/concerns/exception_handler.rb": [
        1,
        1,
        null,
        null,
        1,
        1,
        1,
        1,
        null,
        1,
        null,
        1,
        1,
        1,
        1,
        null,
        1,
        0,
        null,
        null,
        null,
        1,
        null,
        null,
        1,
        2,
        null,
        null,
        null,
        1,
        1,
        null,
        null
      ],
      "/Users/michaelknapp/code1/together-api/spec/controllers/application_controller_spec.rb": [
        1,
        null,
        1,
        null,
        3,
        null,
        2,
        2,
        null,
        1,
        1,
        2,
        null,
        null,
        1,
        2,
        null,
        null,
        null,
        1,
        1,
        1,
        null,
        null,
        1,
        3,
        null,
        null,
        null,
        null,
        null
      ],
      "/Users/michaelknapp/code1/together-api/spec/controllers/authentication_controller_spec.rb": [
        1,
        null,
        1,
        null,
        null
      ],
      "/Users/michaelknapp/code1/together-api/app/controllers/authentication_controller.rb": [
        1,
        1,
        null,
        1,
        2,
        null,
        1,
        null,
        null,
        1,
        null,
        1,
        4,
        null,
        null
      ],
      "/Users/michaelknapp/code1/together-api/spec/controllers/comments_controller_spec.rb": [
        1,
        null,
        1,
        null,
        null
      ],
      "/Users/michaelknapp/code1/together-api/app/controllers/v1/comments_controller.rb": [
        1,
        1,
        1,
        1,
        null,
        1,
        0,
        null,
        null,
        1,
        0,
        null,
        null,
        1,
        0,
        0,
        null,
        null,
        1,
        0,
        0,
        null,
        null,
        1,
        0,
        0,
        null,
        null,
        1,
        null,
        1,
        0,
        null,
        null,
        1,
        0,
        null,
        null,
        1,
        0,
        null,
        null,
        null
      ],
      "/Users/michaelknapp/code1/together-api/spec/controllers/rounds_controller_spec.rb": [
        1,
        null,
        1,
        null,
        null
      ],
      "/Users/michaelknapp/code1/together-api/app/controllers/v1/rounds_controller.rb": [
        1,
        1,
        null,
        null
      ],
      "/Users/michaelknapp/code1/together-api/spec/controllers/users_controller_spec.rb": [
        1,
        null,
        1,
        null,
        null
      ],
      "/Users/michaelknapp/code1/together-api/app/controllers/users_controller.rb": [
        1,
        1,
        null,
        1,
        5,
        3,
        3,
        3,
        null,
        null,
        1,
        null,
        1,
        5,
        null,
        null,
        null,
        null,
        null,
        null,
        null
      ],
      "/Users/michaelknapp/code1/together-api/spec/controllers/v2/acccounts_controller_spec.rb": [
        1,
        null,
        1,
        null,
        null
      ],
      "/Users/michaelknapp/code1/together-api/app/controllers/v2/acccounts_controller.rb": [
        1,
        1,
        0,
        null,
        null
      ],
      "/Users/michaelknapp/code1/together-api/spec/models/account_spec.rb": [
        1,
        null,
        1,
        null,
        2,
        2,
        null,
        null,
        2,
        2,
        null
      ],
      "/Users/michaelknapp/code1/together-api/app/models/account.rb": [
        1,
        1,
        1,
        1,
        null,
        1,
        null,
        1,
        0,
        null,
        null,
        1,
        null,
        1,
        0,
        0,
        null,
        null,
        1,
        0,
        0,
        null,
        null,
        1,
        0,
        null,
        null,
        1,
        0,
        null,
        null
      ],
      "/Users/michaelknapp/code1/together-api/app/models/application_record.rb": [
        1,
        1,
        null
      ],
      "/Users/michaelknapp/code1/together-api/spec/models/comment_spec.rb": [
        1,
        null,
        1,
        null,
        2,
        null,
        2,
        null
      ],
      "/Users/michaelknapp/code1/together-api/app/models/comment.rb": [
        1,
        1,
        null,
        1,
        null
      ],
      "/Users/michaelknapp/code1/together-api/spec/models/round_spec.rb": [
        1,
        null,
        1,
        null,
        2,
        null,
        null
      ],
      "/Users/michaelknapp/code1/together-api/app/models/round.rb": [
        1,
        1,
        null
      ],
      "/Users/michaelknapp/code1/together-api/spec/models/user_spec.rb": [
        1,
        null,
        1,
        null,
        2,
        null,
        2,
        2,
        2,
        null
      ],
      "/Users/michaelknapp/code1/together-api/app/models/user.rb": [
        1,
        1,
        1,
        1,
        null
      ],
      "/Users/michaelknapp/code1/together-api/spec/requests/accounts_spec.rb": [
        1,
        null,
        1,
        null,
        14,
        14,
        1,
        null,
        1,
        null,
        null,
        1,
        null,
        1,
        null,
        1,
        null,
        0,
        0,
        null,
        null,
        1,
        0,
        null,
        null,
        null,
        null,
        1,
        1,
        null,
        1,
        1,
        0,
        0,
        null,
        null,
        1,
        0,
        null,
        null,
        null,
        1,
        1,
        null,
        1,
        0,
        null,
        null,
        1,
        0,
        null,
        null,
        null,
        null,
        null,
        1,
        null,
        1,
        0,
        null,
        null,
        1,
        1,
        null,
        1,
        0,
        null,
        null,
        1,
        0,
        null,
        null,
        null,
        1,
        1,
        1,
        null,
        1,
        0,
        null,
        null,
        1,
        0,
        null,
        null,
        null,
        null,
        null,
        null,
        1,
        1,
        null,
        1,
        1,
        null,
        1,
        0,
        null,
        null,
        1,
        0,
        null,
        null,
        null,
        null,
        null,
        1,
        1,
        null,
        1,
        0,
        null,
        null,
        null
      ],
      "/Users/michaelknapp/code1/together-api/spec/requests/authentication_spec.rb": [
        1,
        null,
        1,
        null,
        1,
        null,
        3,
        null,
        3,
        null,
        1,
        null,
        null,
        null,
        1,
        null,
        1,
        null,
        null,
        null,
        1,
        null,
        null,
        null,
        null,
        null,
        null,
        1,
        2,
        null,
        1,
        1,
        null,
        null,
        null,
        null,
        1,
        2,
        null,
        1,
        1,
        null,
        null,
        null,
        null
      ],
      "/Users/michaelknapp/code1/together-api/spec/requests/comments_spec.rb": [
        1,
        null,
        1,
        17,
        17,
        1,
        1,
        1,
        1,
        null,
        null,
        1,
        1,
        null,
        1,
        1,
        0,
        null,
        null,
        1,
        0,
        null,
        null,
        null,
        1,
        1,
        null,
        1,
        0,
        null,
        null,
        1,
        0,
        null,
        null,
        null,
        null,
        null,
        1,
        1,
        null,
        1,
        1,
        0,
        null,
        null,
        1,
        0,
        null,
        null,
        null,
        1,
        1,
        null,
        1,
        0,
        null,
        null,
        1,
        0,
        null,
        null,
        null,
        null,
        null,
        1,
        1,
        null,
        1,
        1,
        0,
        null,
        null,
        1,
        0,
        null,
        null,
        null,
        1,
        1,
        null,
        1,
        0,
        null,
        null,
        1,
        0,
        null,
        null,
        null,
        null,
        null,
        1,
        1,
        null,
        1,
        0,
        null,
        null,
        1,
        1,
        0,
        null,
        null,
        1,
        0,
        0,
        null,
        null,
        null,
        1,
        1,
        null,
        1,
        0,
        null,
        null,
        1,
        0,
        null,
        null,
        null,
        null,
        null,
        1,
        1,
        null,
        1,
        0,
        null,
        null,
        null
      ],
      "/Users/michaelknapp/code1/together-api/spec/requests/rounds_spec.rb": [

      ],
      "/Users/michaelknapp/code1/together-api/spec/requests/users_spec.rb": [
        1,
        null,
        1,
        6,
        6,
        1,
        3,
        null,
        null,
        1,
        1,
        4,
        null,
        1,
        1,
        null,
        null,
        1,
        1,
        null,
        null,
        1,
        1,
        null,
        null,
        null,
        1,
        3,
        null,
        1,
        1,
        null,
        null,
        1,
        1,
        null,
        null,
        null,
        null,
        null
      ],
      "/Users/michaelknapp/code1/together-api/app/lib/json_web_token.rb": [
        1,
        null,
        1,
        null,
        1,
        null,
        16,
        null,
        16,
        null,
        null,
        1,
        null,
        5,
        3,
        null,
        null,
        null,
        2,
        null,
        null
      ],
      "/Users/michaelknapp/code1/together-api/app/lib/message.rb": [
        1,
        1,
        0,
        null,
        null,
        1,
        2,
        null,
        null,
        1,
        1,
        null,
        null,
        1,
        2,
        null,
        null,
        1,
        0,
        null,
        null,
        1,
        3,
        null,
        null,
        1,
        0,
        null,
        null,
        1,
        0,
        null,
        null
      ]
    },
    "timestamp": 1534215371
  }
}
