{
  "RSpec": {
    "coverage": {
      "/Users/michaelknapp/code1/together-api/config/environment.rb": [
        null,
        1,
        null,
        null,
        1
      ],
      "/Users/michaelknapp/code1/together-api/config/application.rb": [
        1,
        null,
        1,
        null,
        1,
        1,
        1,
        1,
        1,
        1,
        1,
        1,
        null,
        null,
        null,
        null,
        null,
        1,
        null,
        1,
        1,
        null,
        1,
        null,
        null,
        null,
        null,
        null,
        null,
        null,
        null,
        null,
        1,
        null,
        null
      ],
      "/Users/michaelknapp/code1/together-api/config/boot.rb": [
        1,
        null,
        1,
        1
      ],
      "/Users/michaelknapp/code1/together-api/config/environments/test.rb": [
        1,
        null,
        null,
        null,
        null,
        null,
        null,
        1,
        null,
        null,
        null,
        null,
        1,
        null,
        null,
        1,
        1,
        null,
        null,
        null,
        null,
        1,
        1,
        null,
        null,
        1,
        null,
        null,
        1,
        null,
        null,
        1,
        null,
        1,
        null,
        null,
        null,
        null,
        1,
        null,
        null,
        1,
        null,
        null,
        null,
        null
      ],
      "/Users/michaelknapp/code1/together-api/config/initializers/application_controller_renderer.rb": [
        null,
        null,
        null,
        null,
        null,
        null,
        null,
        null
      ],
      "/Users/michaelknapp/code1/together-api/config/initializers/backtrace_silencers.rb": [
        null,
        null,
        null,
        null,
        null,
        null,
        null
      ],
      "/Users/michaelknapp/code1/together-api/config/initializers/cors.rb": [
        null,
        null,
        null,
        null,
        null,
        null,
        null,
        null,
        null,
        null,
        null,
        null,
        null,
        null,
        null,
        null
      ],
      "/Users/michaelknapp/code1/together-api/config/initializers/filter_parameter_logging.rb": [
        null,
        null,
        null,
        1
      ],
      "/Users/michaelknapp/code1/together-api/config/initializers/inflections.rb": [
        null,
        null,
        null,
        null,
        null,
        null,
        null,
        null,
        null,
        null,
        null,
        null,
        null,
        null,
        null,
        null
      ],
      "/Users/michaelknapp/code1/together-api/config/initializers/mime_types.rb": [
        null,
        null,
        null,
        null
      ],
      "/Users/michaelknapp/code1/together-api/config/initializers/wrap_parameters.rb": [
        null,
        null,
        null,
        null,
        null,
        null,
        1,
        1,
        null,
        null,
        null,
        null,
        null,
        null
      ],
      "/Users/michaelknapp/code1/together-api/spec/factories/accounts.rb": [
        1,
        1,
        1,
        1,
        1,
        null,
        null
      ],
      "/Users/michaelknapp/code1/together-api/spec/factories/comments.rb": [
        1,
        1,
        1,
        1,
        null,
        null
      ],
      "/Users/michaelknapp/code1/together-api/spec/factories/rounds.rb": [
        null,
        null,
        null,
        null
      ],
      "/Users/michaelknapp/code1/together-api/spec/factories/users.rb": [
        1,
        1,
        4,
        1,
        1,
        null,
        null
      ],
      "/Users/michaelknapp/code1/together-api/config/routes.rb": [
        1,
        null,
        1,
        1,
        null,
        null,
        1,
        1,
        1,
        null,
        null,
        null,
        1,
        1,
        null
      ],
      "/Users/michaelknapp/code1/together-api/app/lib/api_version.rb": [
        1,
        1,
        null,
        1,
        2,
        2,
        null,
        null,
        1,
        0,
        null,
        null,
        1,
        null,
        1,
        0,
        0,
        null,
        null
      ],
      "/Users/michaelknapp/code1/together-api/spec/support/controller_spec_helper.rb": [
        1,
        null,
        1,
        2,
        null,
        null,
        null,
        1,
        1,
        null,
        null,
        null,
        1,
        null,
        null,
        null,
        0,
        null,
        null,
        null,
        1,
        null,
        null,
        null,
        0,
        null,
        null
      ],
      "/Users/michaelknapp/code1/together-api/spec/support/request_spec_helper.rb": [
        1,
        null,
        1,
        0,
        null,
        null
      ],
      "/Users/michaelknapp/code1/together-api/app/auth/authenticate_user.rb": [
        1,
        1,
        2,
        2,
        null,
        null,
        null,
        1,
        2,
        null,
        null,
        1,
        null,
        1,
        null,
        null,
        1,
        3,
        3,
        null,
        1,
        null,
        null
      ],
      "/Users/michaelknapp/code1/together-api/spec/auth/authorize_api_request_spec.rb": [
        1,
        null,
        1,
        3,
        null,
        2,
        null,
        2,
        null,
        2,
        null,
        null,
        null,
        1,
        null,
        1,
        1,
        1,
        1,
        null,
        null,
        null,
        null,
        1,
        1,
        1,
        2,
        null,
        null,
        null,
        null,
        1,
        1,
        null,
        1,
        null,
        null,
        1,
        2,
        null,
        null,
        null,
        null,
        1,
        2,
        2,
        null,
        1,
        2,
        null,
        null,
        null,
        null,
        null,
        null,
        null,
        1,
        2,
        2,
        null,
        1,
        2,
        null,
        null,
        null,
        null,
        null,
        null,
        null,
        null,
        null
      ],
      "/Users/michaelknapp/code1/together-api/app/auth/authorize_api_request.rb": [
        1,
        1,
        5,
        null,
        null,
        null,
        1,
        null,
        null,
        5,
        null,
        null,
        1,
        null,
        1,
        null,
        1,
        null,
        null,
        5,
        null,
        null,
        null,
        1,
        null,
        1,
        null,
        null,
        null,
        null,
        1,
        7,
        null,
        null,
        null,
        1,
        5,
        4,
        null,
        1,
        null,
        null
      ],
      "/Users/michaelknapp/code1/together-api/app/models/user.rb": [
        1,
        1,
        1,
        1,
        null
      ],
      "/Users/michaelknapp/code1/together-api/app/models/application_record.rb": [
        1,
        1,
        null
      ],
      "/Users/michaelknapp/code1/together-api/app/lib/json_web_token.rb": [
        1,
        null,
        1,
        null,
        1,
        null,
        4,
        null,
        4,
        null,
        null,
        1,
        null,
        4,
        2,
        null,
        null,
        null,
        2,
        null,
        null
      ],
      "/Users/michaelknapp/code1/together-api/app/controllers/concerns/exception_handler.rb": [
        1,
        1,
        null,
        null,
        1,
        1,
        1,
        1,
        null,
        1,
        null,
        0,
        0,
        0,
        0,
        null,
        0,
        0,
        null,
        null,
        null,
        1,
        null,
        null,
        1,
        0,
        null,
        null,
        null,
        1,
        0,
        null,
        null
      ],
      "/Users/michaelknapp/code1/together-api/app/lib/message.rb": [
        1,
        1,
        0,
        null,
        null,
        1,
        1,
        null,
        null,
        1,
        1,
        null,
        null,
        1,
        1,
        null,
        null,
        1,
        0,
        null,
        null,
        1,
        0,
        null,
        null,
        1,
        0,
        null,
        null,
        1,
        0,
        null,
        null
      ]
    },
    "timestamp": 1533610375
  }
}
